<?xml version="1.0" encoding="UTF-8"?>
<persistence version="2.0" xmlns="http://java.sun.com/xml/ns/persistence"
    xmlns:xsi="http://www.w3.org/2001/XMLSchema-instance"
    xsi:schemaLocation="
        http://java.sun.com/xml/ns/persistence
        http://java.sun.com/xml/ns/persistence/persistence_2_0.xsd">
    <persistence-unit name="test">
        <!-- Use this jta-data-source if you're testing on JBoss AS 7.1 (setup by jbossas-ds.xml) -->
        <jta-data-source>jdbc/arquillian</jta-data-source>
        
        <!-- Use this jta-data-source if you're testing on JBoss AS 7.0 -->
        <!-- Optionally, you can setup a DataSource with this name in your JBoss AS 7.0 installation -->
        <!-- 
        <jta-data-source>java:jboss/datasources/ExampleDS</jta-data-source>
        -->
        <properties>
            <property name="hibernate.hbm2ddl.auto" value="create-drop"/>
            <property name="hibernate.show_sql" value="false"/>
        </properties>
    </persistence-unit>
</persistence>